13:06:40,606-main--INFO -SPVM:Montreal initialized!
13:06:40,642-main--DEBUG-SPVM:SPVM:UDPServer started on port[4001]
13:06:40,646-main--DEBUG-SPVM:SPVM:TCPServer started on port[4002]
13:06:51,596-Thread-7--DEBUG-SPVM:SPVM1111 initiated createCRecord
13:06:51,600-Thread-7--DEBUG-SPVM:SPVM:Successfully created Criminal Record
13:11:43,806-main--INFO -SPVM:Montreal initialized!
13:11:43,809-main--DEBUG-SPVM:SPVM:UDPServer started on port[4001]
13:11:43,811-main--DEBUG-SPVM:SPVM:TCPServer started on port[4002]
13:12:22,914-main--INFO -SPVM:Montreal initialized!
13:12:22,918-main--DEBUG-SPVM:SPVM:UDPServer started on port[4001]
13:12:22,920-main--DEBUG-SPVM:SPVM:TCPServer started on port[4002]
13:28:46,129-main--INFO -SPVM:Montreal initialized!
13:28:46,134-main--DEBUG-SPVM:SPVM:UDPServer started on port[4001]
13:28:46,136-main--DEBUG-SPVM:SPVM:TCPServer started on port[4002]
13:28:49,606-main--INFO -SPVM:Montreal initialized!
13:28:49,609-main--DEBUG-SPVM:SPVM:UDPServer started on port[4007]
13:28:49,610-main--DEBUG-SPVM:SPVM:TCPServer started on port[4008]
13:28:56,320-main--INFO -SPVM:Montreal initialized!
13:28:56,323-main--DEBUG-SPVM:SPVM:UDPServer started on port[4013]
13:28:56,325-main--DEBUG-SPVM:SPVM:TCPServer started on port[4014]
13:28:59,306-main--INFO -SPVM:Montreal initialized!
13:28:59,309-main--DEBUG-SPVM:SPVM:UDPServer started on port[4019]
13:28:59,310-main--DEBUG-SPVM:SPVM:TCPServer started on port[4020]
13:28:59,311-main--DEBUG-SPVM:SPVM:UDPServer started on port[4021]
13:28:59,311-main--DEBUG-SPVM:SPVM:TCPServer started on port[4022]
13:28:59,312-main--DEBUG-SPVM:SPVM:UDPServer started on port[4023]
13:28:59,313-main--DEBUG-SPVM:SPVM:TCPServer started on port[4024]
